<?xml version="1.0" encoding="UTF-8"?>
<!-- Generated by org.testng.reporters.JUnitReportReporter -->
<testsuite hostname="LAPTOP-J6DHMLEL" failures="0" tests="1" name="Scripts.Testcase4" time="0.002" errors="0" timestamp="2022-09-12T17:17:31 IST" skipped="0">
  <testcase classname="Scripts.Testcase4" name="tc1" time="0.002"/>
  <system-out>
    <![CDATA[hello python selenium]]>
  </system-out>
</testsuite> <!-- Scripts.Testcase4 -->
