<?xml version="1.0" encoding="UTF-8"?>
<!-- Generated by org.testng.reporters.JUnitReportReporter -->
<testsuite hostname="LAPTOP-J6DHMLEL" failures="0" tests="1" name="Scripts.Testcase2" time="0.001" errors="0" timestamp="2022-09-13T14:51:25 IST" skipped="0">
  <testcase classname="Scripts.Testcase2" name="tc1" time="0.001"/>
  <system-out>
    <![CDATA[hello selenium]]>
  </system-out>
</testsuite> <!-- Scripts.Testcase2 -->
