<?xml version="1.0" encoding="UTF-8"?>
<!-- Generated by org.testng.reporters.JUnitReportReporter -->
<testsuite hostname="LAPTOP-J6DHMLEL" failures="0" tests="1" name="Scripts.Testcase1" time="0.013" errors="0" timestamp="2022-09-12T17:17:31 IST" skipped="0">
  <testcase classname="Scripts.Testcase1" name="tc1" time="0.013"/>
  <system-out>
    <![CDATA[hello java]]>
  </system-out>
</testsuite> <!-- Scripts.Testcase1 -->
